09:59:18.452 [main                     ] DEBUG Logger               - Configured Logger
09:59:18.465 [main                     ] DEBUG GameApplication      - Logging settings
Title: Pong
Version: 0.0
Width: 800
Height: 600
Fullscreen: false
Intro: false
Profiling: false
Single step:false
App Mode: DEVELOPER
Menu Key: ESCAPE
Stage Style: DECORATED
Scene Factory: class com.almasb.fxgl.app.scene.SceneFactory

09:59:18.802 [JavaFX Application Thread] DEBUG FXGLApplication      - Initializing FXGL
09:59:18.804 [JavaFX Application Thread] INFO  Engine               - FXGL-11.17 (16.07.2021 15.46) on WINDOWS (J:11.0.16.1 FX:17.0.2-ea)
09:59:18.804 [JavaFX Application Thread] DEBUG Engine               - JRE Vendor Name: Oracle Corporation
09:59:18.804 [JavaFX Application Thread] DEBUG Engine               - Running on OS: Windows 11 version 10.0
09:59:18.805 [JavaFX Application Thread] DEBUG Engine               - Architecture: amd64
09:59:18.805 [JavaFX Application Thread] INFO  Engine               - Source code and latest versions at: https://github.com/AlmasB/FXGL
09:59:18.805 [JavaFX Application Thread] INFO  Engine               -              Join the FXGL chat at: https://gitter.im/AlmasB/FXGL
09:59:18.899 [JavaFX Application Thread] DEBUG PrimaryStageWindow   - Creating a JavaFX scene
09:59:18.950 [JavaFX Application Thread] DEBUG PrimaryStageWindow   - Target settings size: 800.0 x 600.0
09:59:18.950 [JavaFX Application Thread] DEBUG PrimaryStageWindow   - Scaled scene size:    800.0 x 600.0
09:59:18.950 [JavaFX Application Thread] DEBUG PrimaryStageWindow   - Scaled ratio: (1.0, 1.0)
09:59:18.951 [JavaFX Application Thread] DEBUG PrimaryStageWindow   - Set initial scene to FXGLStartupScene
09:59:18.955 [JavaFX Application Thread] DEBUG PrimaryStageWindow   - Opening main window
09:59:19.032 [JavaFX Application Thread] DEBUG PrimaryStageWindow   - Window border size: (14.4000244140625, 37.5999755859375)
09:59:19.033 [JavaFX Application Thread] DEBUG PrimaryStageWindow   - Scaled size: 800.0 x 600.0
09:59:19.033 [JavaFX Application Thread] DEBUG PrimaryStageWindow   - Scaled ratio: (1.0, 1.0)
09:59:19.033 [JavaFX Application Thread] DEBUG PrimaryStageWindow   - Scene size: 800.0 x 600.0
09:59:19.033 [JavaFX Application Thread] DEBUG PrimaryStageWindow   - Stage size: 814.4000244140625 x 637.5999755859375
09:59:19.040 [FXGL Background Thread 1 ] DEBUG Engine               - Initializing environment variables
09:59:19.082 [FXGL Background Thread 1 ] DEBUG FXGLAssetLoaderServi - User app class for loading assets: class com.example.pong_proj.App
09:59:19.082 [FXGL Background Thread 1 ] DEBUG GameApplicationServi - Applying CSS: fxgl_dark.css
09:59:19.082 [FXGL Background Thread 1 ] DEBUG FXGLAssetLoaderServi - Loading from file system: jar:file:///C:/Users/kyoth/.m2/repository/com/github/almasb/fxgl/11.17/fxgl-11.17.jar!/fxglassets/ui/css/fxgl_dark.css
09:59:19.119 [FXGL Background Thread 1 ] DEBUG GameApplicationServi - Initializing application scenes
09:59:19.147 [FXGL Background Thread 1 ] DEBUG GameWorld            - Game world initialized
09:59:19.188 [FXGL Background Thread 1 ] DEBUG PhysicsWorld         - Physics world initialized: appHeight=600, physics.ppm=50.0
09:59:19.188 [FXGL Background Thread 1 ] DEBUG PhysicsWorld         - Using strategy: BRUTE_FORCE
09:59:19.190 [FXGL Background Thread 1 ] DEBUG GameScene            - Game scene initialized: 800x600
09:59:19.201 [FXGL Background Thread 1 ] DEBUG FXGL.DefaultMenu     - createMenuBodyGameMenu()
09:59:19.219 [FXGL Background Thread 1 ] DEBUG FXGL.DefaultMenu     - createOptionsMenu()
09:59:19.229 [FXGL Background Thread 1 ] DEBUG FXGLAssetLoaderServi - Loading from file system: jar:file:///C:/Users/kyoth/.m2/repository/com/github/almasb/fxgl/11.17/fxgl-11.17.jar!/fxglassets/textures/particles/smoke.png
09:59:19.316 [FXGL Background Thread 1 ] DEBUG FXGLAssetLoaderServi - Loading from file system: jar:file:///C:/Users/kyoth/.m2/repository/com/github/almasb/fxgl/11.17/fxgl-11.17.jar!/fxglassets/textures/particles/trace_horizontal.png
09:59:19.344 [FXGL Background Thread 1 ] DEBUG GameApplicationServi - Application scenes initialized
09:59:19.356 [FXGL Background Thread 1 ] DEBUG SystemBundleService  - Loading FXGL system data
09:59:19.362 [FXGL Background Thread 1 ] DEBUG FileSystemAccess     - Reading from: C:\Users\kyoth\Desktop\Coding\CSE 110\pong_proj\system\fxgl.bundle
09:59:19.369 [FXGL Background Thread 1 ] DEBUG SystemBundleService  - Bundle FXGL: {}
09:59:19.369 [FXGL Background Thread 1 ] DEBUG UpdaterService       - Checking for updates
09:59:19.372 [FXGL Background Thread 4 ] DEBUG FXGLApplication      - Loading fonts
09:59:19.373 [FXGL Background Thread 1 ] DEBUG FXGLApplication      - Loading default localization
09:59:19.373 [FXGL Background Thread 1 ] DEBUG FXGLAssetLoaderServi - Loading from file system: jar:file:///C:/Users/kyoth/.m2/repository/com/github/almasb/fxgl/11.17/fxgl-11.17.jar!/fxglassets/languages/english.lang
09:59:19.373 [FXGL Background Thread 4 ] DEBUG FXGLAssetLoaderServi - Loading from file system: jar:file:///C:/Users/kyoth/.m2/repository/com/github/almasb/fxgl/11.17/fxgl-11.17.jar!/fxglassets/ui/fonts/VarelaRound-Regular.ttf
09:59:19.393 [FXGL Background Thread 1 ] INFO  FXGLApplication      - FXGL initialization took: 0.353 sec
09:59:19.404 [JavaFX Application Thread] DEBUG Input                - Registered new binding: action0 - W
09:59:19.405 [JavaFX Application Thread] DEBUG Input                - Registered new binding: action1 - S
09:59:19.405 [JavaFX Application Thread] DEBUG Input                - Registered new binding: action2 - Up
09:59:19.405 [JavaFX Application Thread] DEBUG Input                - Registered new binding: action3 - Down
09:59:19.406 [JavaFX Application Thread] DEBUG FXGLAssetLoaderServi - Loading from file system: jar:file:///C:/Users/kyoth/.m2/repository/com/github/almasb/fxgl/11.17/fxgl-11.17.jar!/fxglassets/textures/fxgl_icon.png
09:59:19.427 [JavaFX Application Thread] DEBUG FXGLAssetLoaderServi - Loading from file system: jar:file:///C:/Users/kyoth/.m2/repository/com/github/almasb/fxgl/11.17/fxgl-11.17.jar!/fxglassets/textures/fxgl_default_cursor.png
09:59:19.430 [JavaFX Application Thread] DEBUG Input                - Registered new binding: Screenshot - CTRL+8
09:59:19.432 [JavaFX Application Thread] DEBUG Input                - Registered new binding: System info dump - CTRL+9
09:59:19.432 [JavaFX Application Thread] DEBUG Input                - Registered new binding: Restart - CTRL+R
09:59:19.433 [JavaFX Application Thread] DEBUG Input                - Registered new binding: Toggle Debug Camera - CTRL+C
09:59:19.434 [JavaFX Application Thread] DEBUG LoopRunner           - Starting loop
09:59:19.434 [JavaFX Application Thread] DEBUG LoopRunner           - Initializing JavaFX AnimationTimerLoop
09:59:19.436 [JavaFX Application Thread] DEBUG GameApplicationServi - Starting new game
09:59:19.436 [JavaFX Application Thread] DEBUG Input                - Clearing active input actions
09:59:19.447 [JavaFX Application Thread] DEBUG GameApplicationServi - Removing overlay from FXGLStartupScene and adding to FXGLLoadingScene
09:59:19.447 [JavaFX Application Thread] DEBUG PrimaryStageWindow   - FXGLStartupScene -> FXGLLoadingScene
09:59:19.447 [JavaFX Application Thread] DEBUG GameApplicationServi - Clearing previous game
09:59:19.447 [JavaFX Application Thread] DEBUG GameScene            - Clearing game scene
09:59:19.447 [JavaFX Application Thread] DEBUG GameWorld            - Clearing game world
09:59:19.447 [JavaFX Application Thread] DEBUG PhysicsWorld         - Clearing physics world
09:59:19.448 [FXGL Background Thread 1 ] DEBUG FXGLApplication      - Initializing game
09:59:19.458 [FXGL Background Thread 1 ] INFO  FXGLApplication      - Game initialization took: 0.010 sec
09:59:19.484 [JavaFX Application Thread] DEBUG Input                - Clearing active input actions
09:59:19.490 [JavaFX Application Thread] DEBUG GameApplicationServi - Removing overlay from FXGLLoadingScene and adding to GameScene
09:59:19.490 [JavaFX Application Thread] DEBUG PrimaryStageWindow   - FXGLLoadingScene -> GameScene
09:59:19.538 [FXGL Background Thread 4 ] DEBUG FXGLAssetLoaderServi - Loading from file system: jar:file:///C:/Users/kyoth/.m2/repository/com/github/almasb/fxgl/11.17/fxgl-11.17.jar!/fxglassets/ui/fonts/Abel-Regular.ttf
09:59:19.543 [FXGL Background Thread 4 ] DEBUG FXGLAssetLoaderServi - Loading from file system: jar:file:///C:/Users/kyoth/.m2/repository/com/github/almasb/fxgl/11.17/fxgl-11.17.jar!/fxglassets/ui/fonts/lucida_console.ttf
09:59:19.549 [FXGL Background Thread 4 ] DEBUG FXGLAssetLoaderServi - Loading from file system: jar:file:///C:/Users/kyoth/.m2/repository/com/github/almasb/fxgl/11.17/fxgl-11.17.jar!/fxglassets/ui/fonts/Courier-Prime.ttf
09:59:19.572 [JavaFX Application Thread] DEBUG FXGLApplication      - Registering font factories with UI factory
09:59:19.956 [FXGL Background Thread 2 ] INFO  UpdaterService       - Your current version:  11.17
09:59:19.956 [FXGL Background Thread 2 ] INFO  UpdaterService       - Latest stable version: 17.2
09:59:22.372 [FXGL Background Thread 3 ] DEBUG Engine               - Logging environment variables
09:59:22.373 [FXGL Background Thread 3 ] DEBUG Engine               - achievements: []
09:59:22.374 [FXGL Background Thread 3 ] DEBUG Engine               - actualHeight: 600.0
09:59:22.374 [FXGL Background Thread 3 ] DEBUG Engine               - actualHeightProperty: ReadOnlyDoubleProperty [value: 600.0]
09:59:22.374 [FXGL Background Thread 3 ] DEBUG Engine               - actualWidth: 800.0
09:59:22.374 [FXGL Background Thread 3 ] DEBUG Engine               - actualWidthProperty: ReadOnlyDoubleProperty [value: 800.0]
09:59:22.374 [FXGL Background Thread 3 ] DEBUG Engine               - appIcon: fxgl_icon.png
09:59:22.374 [FXGL Background Thread 3 ] DEBUG Engine               - applicationMode: DEVELOPER
09:59:22.374 [FXGL Background Thread 3 ] DEBUG Engine               - cSSList: [fxgl_dark.css]
09:59:22.374 [FXGL Background Thread 3 ] DEBUG Engine               - collisionDetectionStrategy: BRUTE_FORCE
09:59:22.374 [FXGL Background Thread 3 ] DEBUG Engine               - configClass: Optional.empty
09:59:22.374 [FXGL Background Thread 3 ] DEBUG Engine               - credits: []
09:59:22.374 [FXGL Background Thread 3 ] DEBUG Engine               - defaultCursor: CursorInfo(imageName=fxgl_default_cursor.png, hotspotX=7.0, hotspotY=6.0)
09:59:22.374 [FXGL Background Thread 3 ] DEBUG Engine               - devBBoxColorProperty: ObjectProperty [value: 0xff0000ff]
09:59:22.374 [FXGL Background Thread 3 ] DEBUG Engine               - devEnableDebugCameraProperty: BooleanProperty [value: false]
09:59:22.374 [FXGL Background Thread 3 ] DEBUG Engine               - devSensorColorProperty: ObjectProperty [value: 0xffff00ff]
09:59:22.374 [FXGL Background Thread 3 ] DEBUG Engine               - devShowBBoxProperty: BooleanProperty [value: false]
09:59:22.374 [FXGL Background Thread 3 ] DEBUG Engine               - devShowPositionProperty: BooleanProperty [value: false]
09:59:22.375 [FXGL Background Thread 3 ] DEBUG Engine               - enabledMenuItems: []
09:59:22.375 [FXGL Background Thread 3 ] DEBUG Engine               - engineServices: [class com.almasb.fxgl.app.services.FXGLAssetLoaderService, class com.almasb.fxgl.app.FXGLApplication$GameApplicationService, class com.almasb.fxgl.app.services.FXGLDialogService, class com.almasb.fxgl.app.services.IOTaskExecutorService, class com.almasb.fxgl.io.FileSystemService, class com.almasb.fxgl.localization.LocalizationService, class com.almasb.fxgl.app.services.SystemBundleService, class com.almasb.fxgl.profile.SaveLoadService, class com.almasb.fxgl.ui.FXGLUIFactoryServiceProvider, class com.almasb.fxgl.ui.FXGLDialogFactoryServiceProvider, class com.almasb.fxgl.audio.AudioPlayer, class com.almasb.fxgl.notification.impl.NotificationServiceProvider, class com.almasb.fxgl.achievement.AchievementService, class com.almasb.fxgl.cutscene.CutsceneService, class com.almasb.fxgl.minigames.MiniGameService, class com.almasb.fxgl.net.NetService, class com.almasb.fxgl.app.services.UpdaterService, class com.almasb.fxgl.dev.DevService]
09:59:22.375 [FXGL Background Thread 3 ] DEBUG Engine               - fontGame: Abel-Regular.ttf
09:59:22.375 [FXGL Background Thread 3 ] DEBUG Engine               - fontMono: lucida_console.ttf
09:59:22.375 [FXGL Background Thread 3 ] DEBUG Engine               - fontText: Courier-Prime.ttf
09:59:22.375 [FXGL Background Thread 3 ] DEBUG Engine               - fontUI: VarelaRound-Regular.ttf
09:59:22.375 [FXGL Background Thread 3 ] DEBUG Engine               - fullScreen: BooleanProperty [value: false]
09:59:22.375 [FXGL Background Thread 3 ] DEBUG Engine               - gameDifficulty: MEDIUM
09:59:22.375 [FXGL Background Thread 3 ] DEBUG Engine               - gameDifficultyProperty: ObjectProperty [value: MEDIUM]
09:59:22.375 [FXGL Background Thread 3 ] DEBUG Engine               - globalMusicVolume: 0.5
09:59:22.375 [FXGL Background Thread 3 ] DEBUG Engine               - globalMusicVolumeProperty: DoubleProperty [value: 0.5]
09:59:22.375 [FXGL Background Thread 3 ] DEBUG Engine               - globalSoundVolume: 0.5
09:59:22.375 [FXGL Background Thread 3 ] DEBUG Engine               - globalSoundVolumeProperty: DoubleProperty [value: 0.5]
09:59:22.375 [FXGL Background Thread 3 ] DEBUG Engine               - height: 600
09:59:22.375 [FXGL Background Thread 3 ] DEBUG Engine               - is3D: false
09:59:22.375 [FXGL Background Thread 3 ] DEBUG Engine               - isAndroid: false
09:59:22.375 [FXGL Background Thread 3 ] DEBUG Engine               - isBrowser: false
09:59:22.375 [FXGL Background Thread 3 ] DEBUG Engine               - isClickFeedbackEnabled: false
09:59:22.375 [FXGL Background Thread 3 ] DEBUG Engine               - isCloseConfirmation: false
09:59:22.375 [FXGL Background Thread 3 ] DEBUG Engine               - isDesktop: true
09:59:22.375 [FXGL Background Thread 3 ] DEBUG Engine               - isDeveloperMenuEnabled: false
09:59:22.375 [FXGL Background Thread 3 ] DEBUG Engine               - isEntityPreloadEnabled: true
09:59:22.375 [FXGL Background Thread 3 ] DEBUG Engine               - isExperimentalTiledLargeMap: false
09:59:22.375 [FXGL Background Thread 3 ] DEBUG Engine               - isFileSystemWriteAllowed: true
09:59:22.375 [FXGL Background Thread 3 ] DEBUG Engine               - isFullScreenAllowed: false
09:59:22.375 [FXGL Background Thread 3 ] DEBUG Engine               - isFullScreenFromStart: false
09:59:22.375 [FXGL Background Thread 3 ] DEBUG Engine               - isGameMenuEnabled: true
09:59:22.375 [FXGL Background Thread 3 ] DEBUG Engine               - isIOS: false
09:59:22.375 [FXGL Background Thread 3 ] DEBUG Engine               - isIntroEnabled: false
09:59:22.376 [FXGL Background Thread 3 ] DEBUG Engine               - isLinux: false
09:59:22.376 [FXGL Background Thread 3 ] DEBUG Engine               - isMac: false
09:59:22.376 [FXGL Background Thread 3 ] DEBUG Engine               - isMainMenuEnabled: false
09:59:22.376 [FXGL Background Thread 3 ] DEBUG Engine               - isManualResizeEnabled: false
09:59:22.376 [FXGL Background Thread 3 ] DEBUG Engine               - isMobile: false
09:59:22.376 [FXGL Background Thread 3 ] DEBUG Engine               - isNative: false
09:59:22.376 [FXGL Background Thread 3 ] DEBUG Engine               - isPauseMusicWhenMinimized: true
09:59:22.376 [FXGL Background Thread 3 ] DEBUG Engine               - isPreserveResizeRatio: false
09:59:22.376 [FXGL Background Thread 3 ] DEBUG Engine               - isProfilingEnabled: false
09:59:22.376 [FXGL Background Thread 3 ] DEBUG Engine               - isScaleAffectedOnResize: true
09:59:22.376 [FXGL Background Thread 3 ] DEBUG Engine               - isSingleStep: false
09:59:22.376 [FXGL Background Thread 3 ] DEBUG Engine               - isUserProfileEnabled: false
09:59:22.376 [FXGL Background Thread 3 ] DEBUG Engine               - isWindows: true
09:59:22.376 [FXGL Background Thread 3 ] DEBUG Engine               - language: ObjectProperty [value: ENGLISH]
09:59:22.376 [FXGL Background Thread 3 ] DEBUG Engine               - menuKey: ESCAPE
09:59:22.376 [FXGL Background Thread 3 ] DEBUG Engine               - mouseSensitivity: 0.2
09:59:22.376 [FXGL Background Thread 3 ] DEBUG Engine               - notificationViewClass: class com.almasb.fxgl.notification.view.XboxNotificationView
09:59:22.376 [FXGL Background Thread 3 ] DEBUG Engine               - pixelsPerMeter: 50.0
09:59:22.376 [FXGL Background Thread 3 ] DEBUG Engine               - platform: WINDOWS
09:59:22.376 [FXGL Background Thread 3 ] DEBUG Engine               - prefHeightProperty: ReadOnlyDoubleProperty [value: 600.0]
09:59:22.376 [FXGL Background Thread 3 ] DEBUG Engine               - prefWidthProperty: ReadOnlyDoubleProperty [value: 800.0]
09:59:22.376 [FXGL Background Thread 3 ] DEBUG Engine               - profileDir: profiles/
09:59:22.376 [FXGL Background Thread 3 ] DEBUG Engine               - profileName: StringProperty [value: DEFAULT]
09:59:22.376 [FXGL Background Thread 3 ] DEBUG Engine               - randomSeed: -1
09:59:22.376 [FXGL Background Thread 3 ] DEBUG Engine               - runtimeInfo: RuntimeInfo(platform=WINDOWS, version=11.17, build=16.07.2021 15.46)
09:59:22.376 [FXGL Background Thread 3 ] DEBUG Engine               - saveFileExt: sav
09:59:22.376 [FXGL Background Thread 3 ] DEBUG Engine               - scaledHeightProp$fxgl: DoubleProperty [bound, value: 600.0]
09:59:22.376 [FXGL Background Thread 3 ] DEBUG Engine               - scaledWidthProp$fxgl: DoubleProperty [bound, value: 800.0]
09:59:22.376 [FXGL Background Thread 3 ] DEBUG Engine               - sceneFactory: com.almasb.fxgl.app.scene.SceneFactory@7c59719e
09:59:22.377 [FXGL Background Thread 3 ] DEBUG Engine               - secondsIn24h: 60
09:59:22.377 [FXGL Background Thread 3 ] DEBUG Engine               - soundMenuBack: menu/back.wav
09:59:22.377 [FXGL Background Thread 3 ] DEBUG Engine               - soundMenuPress: menu/press.wav
09:59:22.377 [FXGL Background Thread 3 ] DEBUG Engine               - soundMenuSelect: menu/select.wav
09:59:22.377 [FXGL Background Thread 3 ] DEBUG Engine               - soundNotification: core/notification.wav
09:59:22.377 [FXGL Background Thread 3 ] DEBUG Engine               - stageStyle: DECORATED
09:59:22.377 [FXGL Background Thread 3 ] DEBUG Engine               - supportedLanguages: [ENGLISH, FRENCH, GERMAN, HUNGARIAN, RUSSIAN]
09:59:22.377 [FXGL Background Thread 3 ] DEBUG Engine               - ticksPerSecond: -1
09:59:22.377 [FXGL Background Thread 3 ] DEBUG Engine               - title: Pong
09:59:22.377 [FXGL Background Thread 3 ] DEBUG Engine               - urlGithub: https://github.com/AlmasB/FXGL
09:59:22.377 [FXGL Background Thread 3 ] DEBUG Engine               - urlLeaderboard: http://fxgl-top.herokuapp.com/
09:59:22.377 [FXGL Background Thread 3 ] DEBUG Engine               - urlPOM: https://raw.githubusercontent.com/AlmasB/FXGL/release/README.md
09:59:22.377 [FXGL Background Thread 3 ] DEBUG Engine               - userAppClass: class com.example.pong_proj.App
09:59:22.377 [FXGL Background Thread 3 ] DEBUG Engine               - version: 0.0
09:59:22.377 [FXGL Background Thread 3 ] DEBUG Engine               - versionCheckDays: 7
09:59:22.377 [FXGL Background Thread 3 ] DEBUG Engine               - width: 800
09:59:22.377 [FXGL Background Thread 3 ] DEBUG Engine               - Logging services
09:59:22.377 [FXGL Background Thread 3 ] DEBUG Engine               - class com.almasb.fxgl.app.services.FXGLAssetLoaderService
09:59:22.377 [FXGL Background Thread 3 ] DEBUG Engine               - class com.almasb.fxgl.app.FXGLApplication$GameApplicationService
09:59:22.377 [FXGL Background Thread 3 ] DEBUG Engine               - class com.almasb.fxgl.app.services.FXGLDialogService
09:59:22.377 [FXGL Background Thread 3 ] DEBUG Engine               - class com.almasb.fxgl.app.services.IOTaskExecutorService
09:59:22.377 [FXGL Background Thread 3 ] DEBUG Engine               - class com.almasb.fxgl.io.FileSystemService
09:59:22.377 [FXGL Background Thread 3 ] DEBUG Engine               - class com.almasb.fxgl.localization.LocalizationService
09:59:22.377 [FXGL Background Thread 3 ] DEBUG Engine               - class com.almasb.fxgl.app.services.SystemBundleService
09:59:22.377 [FXGL Background Thread 3 ] DEBUG Engine               - class com.almasb.fxgl.profile.SaveLoadService
09:59:22.377 [FXGL Background Thread 3 ] DEBUG Engine               - class com.almasb.fxgl.ui.FXGLUIFactoryServiceProvider
09:59:22.377 [FXGL Background Thread 3 ] DEBUG Engine               - class com.almasb.fxgl.ui.FXGLDialogFactoryServiceProvider
09:59:22.377 [FXGL Background Thread 3 ] DEBUG Engine               - class com.almasb.fxgl.audio.AudioPlayer
09:59:22.377 [FXGL Background Thread 3 ] DEBUG Engine               - class com.almasb.fxgl.notification.impl.NotificationServiceProvider
09:59:22.377 [FXGL Background Thread 3 ] DEBUG Engine               - class com.almasb.fxgl.achievement.AchievementService
09:59:22.377 [FXGL Background Thread 3 ] DEBUG Engine               - class com.almasb.fxgl.cutscene.CutsceneService
09:59:22.377 [FXGL Background Thread 3 ] DEBUG Engine               - class com.almasb.fxgl.minigames.MiniGameService
09:59:22.377 [FXGL Background Thread 3 ] DEBUG Engine               - class com.almasb.fxgl.net.NetService
09:59:22.377 [FXGL Background Thread 3 ] DEBUG Engine               - class com.almasb.fxgl.app.services.UpdaterService
09:59:22.377 [FXGL Background Thread 3 ] DEBUG Engine               - class com.almasb.fxgl.dev.DevService
10:00:49.669 [JavaFX Application Thread] DEBUG FXGLApplication      - Exiting FXGL
10:00:49.669 [JavaFX Application Thread] DEBUG LoopRunner           - Stopping loop
10:00:49.669 [JavaFX Application Thread] DEBUG SystemBundleService  - Saving FXGL system data
10:00:49.671 [JavaFX Application Thread] DEBUG FileSystemAccess     - Writing to: C:\Users\kyoth\Desktop\Coding\CSE 110\pong_proj\system\fxgl.bundle
10:00:49.673 [JavaFX Application Thread] DEBUG Async                - Shutting down background threads
10:00:49.673 [JavaFX Application Thread] DEBUG PrimaryStageWindow   - Closing main window
10:00:49.697 [JavaFX Application Thread] DEBUG Logger               - Closing Logger
