16:22:19.361 [main                     ] DEBUG Logger               - Configured Logger
16:22:19.374 [main                     ] DEBUG GameApplication      - Logging settings
Title: Pong
Version: 0.0
Width: 800
Height: 600
Fullscreen: false
Intro: false
Profiling: false
Single step:false
App Mode: DEVELOPER
Menu Key: ESCAPE
Stage Style: DECORATED
Scene Factory: class com.almasb.fxgl.app.scene.SceneFactory

16:22:19.619 [JavaFX Application Thread] DEBUG FXGLApplication      - Initializing FXGL
16:22:19.621 [JavaFX Application Thread] INFO  Engine               - FXGL-11.17 (16.07.2021 15.46) on WINDOWS (J:11.0.16.1 FX:17.0.2-ea)
16:22:19.621 [JavaFX Application Thread] DEBUG Engine               - JRE Vendor Name: Oracle Corporation
16:22:19.621 [JavaFX Application Thread] DEBUG Engine               - Running on OS: Windows 11 version 10.0
16:22:19.621 [JavaFX Application Thread] DEBUG Engine               - Architecture: amd64
16:22:19.621 [JavaFX Application Thread] INFO  Engine               - Source code and latest versions at: https://github.com/AlmasB/FXGL
16:22:19.622 [JavaFX Application Thread] INFO  Engine               -              Join the FXGL chat at: https://gitter.im/AlmasB/FXGL
16:22:19.688 [JavaFX Application Thread] DEBUG PrimaryStageWindow   - Creating a JavaFX scene
16:22:19.733 [JavaFX Application Thread] DEBUG PrimaryStageWindow   - Target settings size: 800.0 x 600.0
16:22:19.734 [JavaFX Application Thread] DEBUG PrimaryStageWindow   - Scaled scene size:    800.0 x 600.0
16:22:19.734 [JavaFX Application Thread] DEBUG PrimaryStageWindow   - Scaled ratio: (1.0, 1.0)
16:22:19.734 [JavaFX Application Thread] DEBUG PrimaryStageWindow   - Set initial scene to FXGLStartupScene
16:22:19.738 [JavaFX Application Thread] DEBUG PrimaryStageWindow   - Opening main window
16:22:19.811 [JavaFX Application Thread] DEBUG PrimaryStageWindow   - Window border size: (14.4000244140625, 37.5999755859375)
16:22:19.811 [JavaFX Application Thread] DEBUG PrimaryStageWindow   - Scaled size: 800.0 x 600.0
16:22:19.811 [JavaFX Application Thread] DEBUG PrimaryStageWindow   - Scaled ratio: (1.0, 1.0)
16:22:19.811 [JavaFX Application Thread] DEBUG PrimaryStageWindow   - Scene size: 800.0 x 600.0
16:22:19.811 [JavaFX Application Thread] DEBUG PrimaryStageWindow   - Stage size: 814.4000244140625 x 637.5999755859375
16:22:19.820 [FXGL Background Thread 1 ] DEBUG Engine               - Initializing environment variables
16:22:19.862 [FXGL Background Thread 1 ] DEBUG FXGLAssetLoaderServi - User app class for loading assets: class com.example.pong_proj.App
16:22:19.862 [FXGL Background Thread 1 ] DEBUG GameApplicationServi - Applying CSS: fxgl_dark.css
16:22:19.862 [FXGL Background Thread 1 ] DEBUG FXGLAssetLoaderServi - Loading from file system: jar:file:///C:/Users/kyoth/.m2/repository/com/github/almasb/fxgl/11.17/fxgl-11.17.jar!/fxglassets/ui/css/fxgl_dark.css
16:22:19.895 [FXGL Background Thread 1 ] DEBUG GameApplicationServi - Initializing application scenes
16:22:19.920 [FXGL Background Thread 1 ] DEBUG GameWorld            - Game world initialized
16:22:19.952 [FXGL Background Thread 1 ] DEBUG PhysicsWorld         - Physics world initialized: appHeight=600, physics.ppm=50.0
16:22:19.953 [FXGL Background Thread 1 ] DEBUG PhysicsWorld         - Using strategy: BRUTE_FORCE
16:22:19.954 [FXGL Background Thread 1 ] DEBUG GameScene            - Game scene initialized: 800x600
16:22:19.961 [FXGL Background Thread 1 ] DEBUG FXGL.DefaultMenu     - createMenuBodyGameMenu()
16:22:19.971 [FXGL Background Thread 1 ] DEBUG FXGL.DefaultMenu     - createOptionsMenu()
16:22:19.979 [FXGL Background Thread 1 ] DEBUG FXGLAssetLoaderServi - Loading from file system: jar:file:///C:/Users/kyoth/.m2/repository/com/github/almasb/fxgl/11.17/fxgl-11.17.jar!/fxglassets/textures/particles/smoke.png
16:22:20.043 [FXGL Background Thread 1 ] DEBUG FXGLAssetLoaderServi - Loading from file system: jar:file:///C:/Users/kyoth/.m2/repository/com/github/almasb/fxgl/11.17/fxgl-11.17.jar!/fxglassets/textures/particles/trace_horizontal.png
16:22:20.062 [FXGL Background Thread 1 ] DEBUG GameApplicationServi - Application scenes initialized
16:22:20.070 [FXGL Background Thread 1 ] DEBUG SystemBundleService  - Loading FXGL system data
16:22:20.073 [FXGL Background Thread 1 ] DEBUG FileSystemAccess     - Reading from: C:\Users\kyoth\Desktop\Coding\CSE 110\pong_proj\system\fxgl.bundle
16:22:20.078 [FXGL Background Thread 1 ] DEBUG SystemBundleService  - Bundle FXGL: {}
16:22:20.078 [FXGL Background Thread 1 ] DEBUG UpdaterService       - Checking for updates
16:22:20.081 [FXGL Background Thread 4 ] DEBUG FXGLApplication      - Loading fonts
16:22:20.081 [FXGL Background Thread 1 ] DEBUG FXGLApplication      - Loading default localization
16:22:20.081 [FXGL Background Thread 4 ] DEBUG FXGLAssetLoaderServi - Loading from file system: jar:file:///C:/Users/kyoth/.m2/repository/com/github/almasb/fxgl/11.17/fxgl-11.17.jar!/fxglassets/ui/fonts/VarelaRound-Regular.ttf
16:22:20.081 [FXGL Background Thread 1 ] DEBUG FXGLAssetLoaderServi - Loading from file system: jar:file:///C:/Users/kyoth/.m2/repository/com/github/almasb/fxgl/11.17/fxgl-11.17.jar!/fxglassets/languages/english.lang
16:22:20.091 [FXGL Background Thread 1 ] INFO  FXGLApplication      - FXGL initialization took: 0.271 sec
16:22:20.104 [JavaFX Application Thread] DEBUG Input                - Registered new binding: action0 - W
16:22:20.105 [JavaFX Application Thread] DEBUG Input                - Registered new binding: action1 - S
16:22:20.105 [JavaFX Application Thread] DEBUG Input                - Registered new binding: action2 - Up
16:22:20.105 [JavaFX Application Thread] DEBUG Input                - Registered new binding: action3 - Down
16:22:20.106 [JavaFX Application Thread] DEBUG FXGLAssetLoaderServi - Loading from file system: jar:file:///C:/Users/kyoth/.m2/repository/com/github/almasb/fxgl/11.17/fxgl-11.17.jar!/fxglassets/textures/fxgl_icon.png
16:22:20.128 [JavaFX Application Thread] DEBUG FXGLAssetLoaderServi - Loading from file system: jar:file:///C:/Users/kyoth/.m2/repository/com/github/almasb/fxgl/11.17/fxgl-11.17.jar!/fxglassets/textures/fxgl_default_cursor.png
16:22:20.131 [JavaFX Application Thread] DEBUG Input                - Registered new binding: Screenshot - CTRL+8
16:22:20.131 [JavaFX Application Thread] DEBUG Input                - Registered new binding: System info dump - CTRL+9
16:22:20.133 [JavaFX Application Thread] DEBUG Input                - Registered new binding: Restart - CTRL+R
16:22:20.133 [JavaFX Application Thread] DEBUG Input                - Registered new binding: Toggle Debug Camera - CTRL+C
16:22:20.135 [JavaFX Application Thread] DEBUG LoopRunner           - Starting loop
16:22:20.136 [JavaFX Application Thread] DEBUG LoopRunner           - Initializing JavaFX AnimationTimerLoop
16:22:20.137 [JavaFX Application Thread] DEBUG GameApplicationServi - Starting new game
16:22:20.137 [JavaFX Application Thread] DEBUG Input                - Clearing active input actions
16:22:20.147 [JavaFX Application Thread] DEBUG GameApplicationServi - Removing overlay from FXGLStartupScene and adding to FXGLLoadingScene
16:22:20.147 [JavaFX Application Thread] DEBUG PrimaryStageWindow   - FXGLStartupScene -> FXGLLoadingScene
16:22:20.148 [JavaFX Application Thread] DEBUG GameApplicationServi - Clearing previous game
16:22:20.148 [JavaFX Application Thread] DEBUG GameScene            - Clearing game scene
16:22:20.148 [JavaFX Application Thread] DEBUG GameWorld            - Clearing game world
16:22:20.148 [JavaFX Application Thread] DEBUG PhysicsWorld         - Clearing physics world
16:22:20.149 [FXGL Background Thread 1 ] DEBUG FXGLApplication      - Initializing game
16:22:20.161 [FXGL Background Thread 1 ] INFO  FXGLApplication      - Game initialization took: 0.011 sec
16:22:20.180 [JavaFX Application Thread] DEBUG Input                - Clearing active input actions
16:22:20.187 [JavaFX Application Thread] DEBUG GameApplicationServi - Removing overlay from FXGLLoadingScene and adding to GameScene
16:22:20.187 [JavaFX Application Thread] DEBUG PrimaryStageWindow   - FXGLLoadingScene -> GameScene
16:22:20.250 [FXGL Background Thread 4 ] DEBUG FXGLAssetLoaderServi - Loading from file system: jar:file:///C:/Users/kyoth/.m2/repository/com/github/almasb/fxgl/11.17/fxgl-11.17.jar!/fxglassets/ui/fonts/Abel-Regular.ttf
16:22:20.253 [FXGL Background Thread 4 ] DEBUG FXGLAssetLoaderServi - Loading from file system: jar:file:///C:/Users/kyoth/.m2/repository/com/github/almasb/fxgl/11.17/fxgl-11.17.jar!/fxglassets/ui/fonts/lucida_console.ttf
16:22:20.257 [FXGL Background Thread 4 ] DEBUG FXGLAssetLoaderServi - Loading from file system: jar:file:///C:/Users/kyoth/.m2/repository/com/github/almasb/fxgl/11.17/fxgl-11.17.jar!/fxglassets/ui/fonts/Courier-Prime.ttf
16:22:20.261 [JavaFX Application Thread] DEBUG FXGLApplication      - Registering font factories with UI factory
16:22:20.402 [FXGL Background Thread 2 ] INFO  UpdaterService       - Your current version:  11.17
16:22:20.402 [FXGL Background Thread 2 ] INFO  UpdaterService       - Latest stable version: 17.2
16:22:23.067 [JavaFX Application Thread] DEBUG FXGLApplication      - Exiting FXGL
16:22:23.067 [JavaFX Application Thread] DEBUG LoopRunner           - Stopping loop
16:22:23.067 [JavaFX Application Thread] DEBUG SystemBundleService  - Saving FXGL system data
16:22:23.069 [JavaFX Application Thread] DEBUG FileSystemAccess     - Writing to: C:\Users\kyoth\Desktop\Coding\CSE 110\pong_proj\system\fxgl.bundle
16:22:23.071 [JavaFX Application Thread] DEBUG Async                - Shutting down background threads
16:22:23.071 [JavaFX Application Thread] DEBUG PrimaryStageWindow   - Closing main window
16:22:23.091 [JavaFX Application Thread] DEBUG Logger               - Closing Logger
